#
# There is insufficient memory for the Java Runtime Environment to continue.
# Native memory allocation (mmap) failed to map 268435456 bytes for Failed to commit area from 0x0000000701600000 to 0x0000000711600000 of length 268435456.
# Possible reasons:
#   The system is out of physical RAM or swap space
#   The process is running with CompressedOops enabled, and the Java Heap may be blocking the growth of the native heap
# Possible solutions:
#   Reduce memory load on the system
#   Increase physical memory or swap space
#   Check if swap backing store is full
#   Decrease Java heap size (-Xmx/-Xms)
#   Decrease number of Java threads
#   Decrease Java thread stack sizes (-Xss)
#   Set larger code cache with -XX:ReservedCodeCacheSize=
# This output file may be truncated or incomplete.
#
#  Out of Memory Error (./src/hotspot/os/windows/os_windows.cpp:3521), pid=4520, tid=5872
#
# JRE version:  (11.0.12+7) (build )
# Java VM: OpenJDK 64-Bit Server VM (11.0.12+7-b1504.40, mixed mode, sharing, tiered, compressed oops, g1 gc, windows-amd64)
# No core dump will be written. Minidumps are not enabled by default on client versions of Windows
#

---------------  S U M M A R Y ------------

Command Line: git4idea.http.GitAskPassApp Username for 'https://gitlab.com': 

Host: Intel(R) Core(TM) i7-4600M CPU @ 2.90GHz, 4 cores, 15G,  Windows 10 , 64 bit Build 19041 (10.0.19041.1889)
Time: Fri Dec  2 00:57:57 2022 Afr. centrale Ouest elapsed time: 0.046030 seconds (0d 0h 0m 0s)

---------------  T H R E A D  ---------------

Current thread (0x000001efb7cfc800):  JavaThread "Unknown thread" [_thread_in_vm, id=5872, stack(0x00000053cbf00000,0x00000053cc000000)]

Stack: [0x00000053cbf00000,0x00000053cc000000]
Native frames: (J=compiled Java code, j=interpreted, Vv=VM code, C=native code)
V  [jvm.dll+0x5ff40a]
V  [jvm.dll+0x783b65]
V  [jvm.dll+0x78517d]
V  [jvm.dll+0x785833]
V  [jvm.dll+0x249408]
V  [jvm.dll+0x5fc7f4]
V  [jvm.dll+0x5f13c5]
V  [jvm.dll+0x3076bb]
V  [jvm.dll+0x30762a]
V  [jvm.dll+0x307502]
V  [jvm.dll+0x30c466]
V  [jvm.dll+0x355543]
V  [jvm.dll+0x355c46]
V  [jvm.dll+0x355643]
V  [jvm.dll+0x2e2018]
V  [jvm.dll+0x2e31c7]
V  [jvm.dll+0x761f57]
V  [jvm.dll+0x76374c]
V  [jvm.dll+0x362ab9]
V  [jvm.dll+0x7455be]
V  [jvm.dll+0x3cb673]
V  [jvm.dll+0x3cda21]
C  [jli.dll+0x536b]
C  [ucrtbase.dll+0x21bb2]
C  [KERNEL32.DLL+0x17034]
C  [ntdll.dll+0x526a1]


---------------  P R O C E S S  ---------------

Threads class SMR info:
_java_thread_list=0x000001efb5b81390, length=0, elements={
}

Java Threads: ( => current thread )

Other Threads:
  0x000001efb7d15800 GCTaskThread "GC Thread#0" [stack: 0x00000053cc000000,0x00000053cc100000] [id=23396]
  0x000001efb7d71000 ConcurrentGCThread "G1 Main Marker" [stack: 0x00000053cc100000,0x00000053cc200000] [id=21376]
  0x000001efb7d74800 ConcurrentGCThread "G1 Conc#0" [stack: 0x00000053cc200000,0x00000053cc300000] [id=25464]

[error occurred during error reporting (printing all threads), id 0xc0000005, EXCEPTION_ACCESS_VIOLATION (0xc0000005) at pc=0x00007ffe140527a7]

VM state:not at safepoint (not fully initialized)

VM Mutex/Monitor currently owned by a thread:  ([mutex/lock_event])
[0x000001efb7cf8740] Heap_lock - owner thread: 0x000001efb7cfc800

Heap address: 0x0000000701600000, size: 4074 MB, Compressed Oops mode: Non-zero based: 0x0000000701600000
Narrow klass base: 0x0000000000000000, Narrow klass shift: 0

GC Heap History (0 events):
No events

Deoptimization events (0 events):
No events

Classes redefined (0 events):
No events

Internal exceptions (0 events):
No events

Events (1 events):
Event: 0.032 Loaded shared library C:\Program Files\JetBrains\IntelliJ IDEA Community Edition 2021.2.3\jbr\bin\zip.dll


Dynamic libraries:
0x00007ff7c17d0000 - 0x00007ff7c17da000 	C:\Program Files\JetBrains\IntelliJ IDEA Community Edition 2021.2.3\jbr\bin\java.exe
0x00007ffe8e8f0000 - 0x00007ffe8eae8000 	C:\WINDOWS\SYSTEM32\ntdll.dll
0x00007ffe8df50000 - 0x00007ffe8e00d000 	C:\WINDOWS\System32\KERNEL32.DLL
0x00007ffe8c3e0000 - 0x00007ffe8c6b2000 	C:\WINDOWS\System32\KERNELBASE.dll
0x00007ffe8c820000 - 0x00007ffe8c920000 	C:\WINDOWS\System32\ucrtbase.dll
0x00007ffe64080000 - 0x00007ffe64099000 	C:\Program Files\JetBrains\IntelliJ IDEA Community Edition 2021.2.3\jbr\bin\jli.dll
0x00007ffe8e620000 - 0x00007ffe8e7bd000 	C:\WINDOWS\System32\USER32.dll
0x00007ffe8c920000 - 0x00007ffe8c942000 	C:\WINDOWS\System32\win32u.dll
0x00007ffe8dcb0000 - 0x00007ffe8dcdb000 	C:\WINDOWS\System32\GDI32.dll
0x00007ffe8c000000 - 0x00007ffe8c10f000 	C:\WINDOWS\System32\gdi32full.dll
0x00007ffe8c1f0000 - 0x00007ffe8c28d000 	C:\WINDOWS\System32\msvcp_win.dll
0x00007ffe63a80000 - 0x00007ffe63a97000 	C:\Program Files\JetBrains\IntelliJ IDEA Community Edition 2021.2.3\jbr\bin\VCRUNTIME140.dll
0x00007ffe76a60000 - 0x00007ffe76cfa000 	C:\WINDOWS\WinSxS\amd64_microsoft.windows.common-controls_6595b64144ccf1df_6.0.19041.1110_none_60b5254171f9507e\COMCTL32.dll
0x00007ffe8d9b0000 - 0x00007ffe8da4e000 	C:\WINDOWS\System32\msvcrt.dll
0x00007ffe8d980000 - 0x00007ffe8d9b0000 	C:\WINDOWS\System32\IMM32.DLL
0x00007ffe5cc70000 - 0x00007ffe5cd0d000 	C:\Program Files\JetBrains\IntelliJ IDEA Community Edition 2021.2.3\jbr\bin\msvcp140.dll
0x00007ffe13d60000 - 0x00007ffe148b8000 	C:\Program Files\JetBrains\IntelliJ IDEA Community Edition 2021.2.3\jbr\bin\server\jvm.dll
0x00007ffe8ca00000 - 0x00007ffe8caae000 	C:\WINDOWS\System32\ADVAPI32.dll
0x00007ffe8e580000 - 0x00007ffe8e61c000 	C:\WINDOWS\System32\sechost.dll
0x00007ffe8de00000 - 0x00007ffe8df25000 	C:\WINDOWS\System32\RPCRT4.dll
0x00007ffe8e7c0000 - 0x00007ffe8e7c8000 	C:\WINDOWS\System32\PSAPI.DLL
0x00007ffe6a790000 - 0x00007ffe6a799000 	C:\WINDOWS\SYSTEM32\WSOCK32.dll
0x00007ffe8d1a0000 - 0x00007ffe8d20b000 	C:\WINDOWS\System32\WS2_32.dll
0x00007ffe7f2d0000 - 0x00007ffe7f2f7000 	C:\WINDOWS\SYSTEM32\WINMM.dll
0x00007ffe83b00000 - 0x00007ffe83b0a000 	C:\WINDOWS\SYSTEM32\VERSION.dll
0x00007ffe89e80000 - 0x00007ffe89e92000 	C:\WINDOWS\SYSTEM32\kernel.appcore.dll
0x00007ffe878e0000 - 0x00007ffe878f1000 	C:\Program Files\JetBrains\IntelliJ IDEA Community Edition 2021.2.3\jbr\bin\verify.dll
0x00007ffe7cd00000 - 0x00007ffe7cee4000 	C:\WINDOWS\SYSTEM32\DBGHELP.DLL
0x00007ffe7ccd0000 - 0x00007ffe7ccfc000 	C:\WINDOWS\SYSTEM32\dbgcore.DLL
0x00007ffe8c160000 - 0x00007ffe8c1e2000 	C:\WINDOWS\System32\bcryptPrimitives.dll
0x00007ffe85a30000 - 0x00007ffe85a59000 	C:\Program Files\JetBrains\IntelliJ IDEA Community Edition 2021.2.3\jbr\bin\java.dll
0x00007ffe86d40000 - 0x00007ffe86d4b000 	C:\Program Files\JetBrains\IntelliJ IDEA Community Edition 2021.2.3\jbr\bin\jimage.dll
0x00007ffe85a10000 - 0x00007ffe85a28000 	C:\Program Files\JetBrains\IntelliJ IDEA Community Edition 2021.2.3\jbr\bin\zip.dll

dbghelp: loaded successfully - version: 4.0.5 - missing functions: none
symbol engine: initialized successfully - sym options: 0x614 - pdb path: .;C:\Program Files\JetBrains\IntelliJ IDEA Community Edition 2021.2.3\jbr\bin;C:\WINDOWS\SYSTEM32;C:\WINDOWS\WinSxS\amd64_microsoft.windows.common-controls_6595b64144ccf1df_6.0.19041.1110_none_60b5254171f9507e;C:\Program Files\JetBrains\IntelliJ IDEA Community Edition 2021.2.3\jbr\bin\server

VM Arguments:
java_command: git4idea.http.GitAskPassApp Username for 'https://gitlab.com': 
java_class_path (initial): C:/Program Files/JetBrains/IntelliJ IDEA Community Edition 2021.2.3/plugins/git4idea/lib/git4idea-rt.jar;C:/Program Files/JetBrains/IntelliJ IDEA Community Edition 2021.2.3/lib/3rd-party.jar
Launcher Type: SUN_STANDARD

[Global flags]
     intx CICompilerCount                          = 3                                         {product} {ergonomic}
     uint ConcGCThreads                            = 1                                         {product} {ergonomic}
     uint G1ConcRefinementThreads                  = 4                                         {product} {ergonomic}
   size_t G1HeapRegionSize                         = 1048576                                   {product} {ergonomic}
    uintx GCDrainStackTargetSize                   = 64                                        {product} {ergonomic}
   size_t InitialHeapSize                          = 268435456                                 {product} {ergonomic}
   size_t MarkStackSize                            = 4194304                                   {product} {ergonomic}
   size_t MaxHeapSize                              = 4271898624                                {product} {ergonomic}
   size_t MinHeapDeltaBytes                        = 1048576                                   {product} {ergonomic}
    uintx NonNMethodCodeHeapSize                   = 5830732                                {pd product} {ergonomic}
    uintx NonProfiledCodeHeapSize                  = 122913754                              {pd product} {ergonomic}
    uintx ProfiledCodeHeapSize                     = 122913754                              {pd product} {ergonomic}
    uintx ReservedCodeCacheSize                    = 251658240                              {pd product} {ergonomic}
     bool SegmentedCodeCache                       = true                                      {product} {ergonomic}
     bool UseCompressedClassPointers               = true                                 {lp64_product} {ergonomic}
     bool UseCompressedOops                        = true                                 {lp64_product} {ergonomic}
     bool UseG1GC                                  = true                                      {product} {ergonomic}
     bool UseLargePagesIndividualAllocation        = false                                  {pd product} {ergonomic}

Logging:
Log output configuration:
 #0: stdout all=warning uptime,level,tags
 #1: stderr all=off uptime,level,tags

Environment Variables:
JAVA_HOME=C:\Program Files\Java\jdk1.8.0_281
JRE_HOME=C:\Program Files\Java\jre1.8.0_281
PATH=C:\Program Files\Git\mingw64\libexec\git-core;C:\Program Files\Git\mingw64\libexec\git-core;C:\Program Files\Git\mingw64\bin;C:\Program Files\Git\usr\bin;C:\Users\Richelle Mayap\bin;C:\Users\Richelle Mayap\AppData\Local\Programs\Python\Python310;C:\Users\Richelle Mayap\AppData\Local\Programs\Python\Python310\Scripts;C:\Program Files (x86)\Common Files\Oracle\Java\javapath;C:\WINDOWS\system32;C:\WINDOWS;C:\WINDOWS\System32\Wbem;C:\WINDOWS\System32\WindowsPowerShell\v1.0;C:\WINDOWS\System32\OpenSSH;C:\Users\Richelle Mayap\AppData\Roaming\nvm;C:\Program Files\nodejs;C:\Program Files\Git\cmd;C:\Program Files (x86)\nodejs;C:\Program Files (x86)\Yarn\bin;C:\Program Files\Docker\Docker\resources\bin;C:\ProgramData\DockerDesktop\version-bin;C:\Program Files\PuTTY;C:\Users\Richelle Mayap\AppData\Local\Programs\Python\Python310\Scripts;C:\Users\Richelle Mayap\AppData\Local\Microsoft\WindowsApps;C:\Users\Richelle Mayap\AppData\Local\Programs\Microsoft VS Code\bin;C:\Users\Richelle Mayap\AppData\Roaming\nvm;C:\Program Files\nodejs;C:\Users\Richelle Mayap\AppData\Roaming\npm;C:\Program Files (x86)\nodejs;C:\Users\Richelle Mayap\AppData\Local\Yarn\bin;C:\Users\Richelle Mayap\AppData\Local\Programs\Python\Python310;C:\Program Files\JetBrains\IntelliJ IDEA 2022.1.2\bin
USERNAME=Richelle Mayap
DISPLAY=:0.0
LC_ALL=en_US.UTF-8
OS=Windows_NT
PROCESSOR_IDENTIFIER=Intel64 Family 6 Model 60 Stepping 3, GenuineIntel



---------------  S Y S T E M  ---------------

OS: Windows 10 , 64 bit Build 19041 (10.0.19041.1889)
OS uptime: 2 days 8:15 hours
Hyper-V role detected

CPU:total 4 (initial active 4) (2 cores per cpu, 2 threads per core) family 6 model 60 stepping 3 microcode 0x27, cmov, cx8, fxsr, mmx, sse, sse2, sse3, ssse3, sse4.1, sse4.2, popcnt, avx, avx2, aes, clmul, erms, lzcnt, ht, tsc, tscinvbit, bmi1, bmi2, fma

Memory: 4k page, system-wide physical 16289M (276M free)
TotalPageFile size 52539M (AvailPageFile size 60M)
current process WorkingSet (physical memory assigned to process): 10M, peak: 10M
current process commit charge ("private bytes"): 52M, peak: 307M

vm_info: OpenJDK 64-Bit Server VM (11.0.12+7-b1504.40) for windows-amd64 JRE (11.0.12+7-b1504.40), built on Sep 23 2021 14:38:03 by "" with MS VC++ 14.0 (VS2015)

END.
